0 info it worked if it ends with ok
1 verbose cli [ '/Users/rwt/.nvm/versions/node/v6.9.5/bin/node',
1 verbose cli   '/Users/rwt/.nvm/versions/node/v6.9.5/bin/npm',
1 verbose cli   'publish' ]
2 info using npm@3.10.10
3 info using node@v6.9.5
4 verbose publish [ '.' ]
5 silly cache add args [ '.', null ]
6 verbose cache add spec .
7 silly cache add parsed spec Result {
7 silly cache add   raw: '.',
7 silly cache add   scope: null,
7 silly cache add   escapedName: null,
7 silly cache add   name: null,
7 silly cache add   rawSpec: '.',
7 silly cache add   spec: '/Users/rwt/github/generator-rwt-react',
7 silly cache add   type: 'directory' }
8 verbose addLocalDirectory /Users/rwt/.npm/generator-rwt-react/0.0.9/package.tgz not in flight; packing
9 verbose correctMkdir /Users/rwt/.npm correctMkdir not in flight; initializing
10 info lifecycle generator-rwt-react@0.0.9~prepublish: generator-rwt-react@0.0.9
11 silly lifecycle generator-rwt-react@0.0.9~prepublish: no script for prepublish, continuing
12 verbose tar pack [ '/Users/rwt/.npm/generator-rwt-react/0.0.9/package.tgz',
12 verbose tar pack   '/Users/rwt/github/generator-rwt-react' ]
13 verbose tarball /Users/rwt/.npm/generator-rwt-react/0.0.9/package.tgz
14 verbose folder /Users/rwt/github/generator-rwt-react
15 verbose addLocalTarball adding from inside cache /Users/rwt/.npm/generator-rwt-react/0.0.9/package.tgz
16 verbose correctMkdir /Users/rwt/.npm correctMkdir not in flight; initializing
17 silly cache afterAdd generator-rwt-react@0.0.9
18 verbose afterAdd /Users/rwt/.npm/generator-rwt-react/0.0.9/package/package.json not in flight; writing
19 verbose correctMkdir /Users/rwt/.npm correctMkdir not in flight; initializing
20 verbose afterAdd /Users/rwt/.npm/generator-rwt-react/0.0.9/package/package.json written
21 silly publish { name: 'generator-rwt-react',
21 silly publish   version: '0.0.9',
21 silly publish   description: '基于yeoman的react脚手架',
21 silly publish   homepage: 'https://github.com/bayun2/generator-rwt-react#readme',
21 silly publish   author: { name: 'wentao.ruan', email: 'bayun2@163.com' },
21 silly publish   files: [ 'generators' ],
21 silly publish   main: 'generators/index.js',
21 silly publish   keywords: [ 'yeoman-generator' ],
21 silly publish   dependencies:
21 silly publish    { 'yeoman-generator': '^0.22.0',
21 silly publish      chalk: '^1.0.0',
21 silly publish      yosay: '^1.0.2' },
21 silly publish   repository:
21 silly publish    { type: 'git',
21 silly publish      url: 'git+https://github.com/bayun2/generator-rwt-react.git' },
21 silly publish   license: 'MIT',
21 silly publish   readme: '# generator-rwt-react [![NPM version][npm-image]][npm-url] [![Build Status][travis-image]][travis-url] [![Dependency Status][daviddm-image]][daviddm-url]\n> 基于yeoman的react脚手架\n\n## Installation\n\nFirst, install [Yeoman](http://yeoman.io) and generator-rwt-react using [npm](https://www.npmjs.com/) (we assume you have pre-installed [node.js](https://nodejs.org/)).\n\n```bash\nnpm install -g yo\nnpm install -g generator-rwt-react\n```\n\nThen generate your new project:\n\n```bash\nyo rwt-react\n```\n\n## Getting To Know Yeoman\n\n * Yeoman has a heart of gold.\n * Yeoman is a person with feelings and opinions, but is very easy to work with.\n * Yeoman can be too opinionated at times but is easily convinced not to be.\n * Feel free to [learn more about Yeoman](http://yeoman.io/).\n\n## License\n\nMIT © [wentao.ruan]()\n\n\n[npm-image]: https://badge.fury.io/js/generator-rwt-react.svg\n[npm-url]: https://npmjs.org/package/generator-rwt-react\n[travis-image]: https://travis-ci.org/bayun2/generator-rwt-react.svg?branch=master\n[travis-url]: https://travis-ci.org/bayun2/generator-rwt-react\n[daviddm-image]: https://david-dm.org/bayun2/generator-rwt-react.svg?theme=shields.io\n[daviddm-url]: https://david-dm.org/bayun2/generator-rwt-react\n',
21 silly publish   readmeFilename: 'README.md',
21 silly publish   gitHead: '30f02a15a4b97fc362834009f2af58de6fa616ba',
21 silly publish   bugs: { url: 'https://github.com/bayun2/generator-rwt-react/issues' },
21 silly publish   _id: 'generator-rwt-react@0.0.9',
21 silly publish   scripts: {},
21 silly publish   _shasum: '0831f885b74d8bc1d24ffd231cdfaaf352706956',
21 silly publish   _from: '.' }
22 verbose getPublishConfig undefined
23 silly mapToRegistry name generator-rwt-react
24 silly mapToRegistry using default registry
25 silly mapToRegistry registry http://registry.npmjs.org/
26 silly mapToRegistry data Result {
26 silly mapToRegistry   raw: 'generator-rwt-react',
26 silly mapToRegistry   scope: null,
26 silly mapToRegistry   escapedName: 'generator-rwt-react',
26 silly mapToRegistry   name: 'generator-rwt-react',
26 silly mapToRegistry   rawSpec: '',
26 silly mapToRegistry   spec: 'latest',
26 silly mapToRegistry   type: 'tag' }
27 silly mapToRegistry uri http://registry.npmjs.org/generator-rwt-react
28 verbose publish registryBase http://registry.npmjs.org/
29 silly publish uploading /Users/rwt/.npm/generator-rwt-react/0.0.9/package.tgz
30 verbose request uri http://registry.npmjs.org/generator-rwt-react
31 verbose request sending authorization for write operation
32 info attempt registry request try #1 at 10:25:21
33 verbose request using bearer token for auth
34 verbose request id b4681553c5f0df85
35 http request PUT http://registry.npmjs.org/generator-rwt-react
36 http 403 http://registry.npmjs.org/generator-rwt-react
37 verbose headers { 'content-type': 'application/json',
37 verbose headers   'cache-control': 'max-age=300',
37 verbose headers   'content-length': '95',
37 verbose headers   'accept-ranges': 'bytes',
37 verbose headers   date: 'Mon, 13 Mar 2017 02:25:02 GMT',
37 verbose headers   via: '1.1 varnish',
37 verbose headers   connection: 'keep-alive',
37 verbose headers   'x-served-by': 'cache-nrt6125-NRT',
37 verbose headers   'x-cache': 'MISS',
37 verbose headers   'x-cache-hits': '0',
37 verbose headers   'x-timer': 'S1489371902.217846,VS0,VE701',
37 verbose headers   vary: 'Accept-Encoding' }
38 verbose request invalidating /Users/rwt/.npm/registry.npmjs.org/generator-rwt-react on PUT
39 error publish Failed PUT 403
40 verbose stack Error: "You cannot publish over the previously published version 0.0.9." : generator-rwt-react
40 verbose stack     at makeError (/Users/rwt/.nvm/versions/node/v6.9.5/lib/node_modules/npm/node_modules/npm-registry-client/lib/request.js:302:12)
40 verbose stack     at CachingRegistryClient.<anonymous> (/Users/rwt/.nvm/versions/node/v6.9.5/lib/node_modules/npm/node_modules/npm-registry-client/lib/request.js:290:14)
40 verbose stack     at Request._callback (/Users/rwt/.nvm/versions/node/v6.9.5/lib/node_modules/npm/node_modules/npm-registry-client/lib/request.js:210:14)
40 verbose stack     at Request.self.callback (/Users/rwt/.nvm/versions/node/v6.9.5/lib/node_modules/npm/node_modules/request/request.js:187:22)
40 verbose stack     at emitTwo (events.js:106:13)
40 verbose stack     at Request.emit (events.js:191:7)
40 verbose stack     at Request.<anonymous> (/Users/rwt/.nvm/versions/node/v6.9.5/lib/node_modules/npm/node_modules/request/request.js:1048:10)
40 verbose stack     at emitOne (events.js:96:13)
40 verbose stack     at Request.emit (events.js:188:7)
40 verbose stack     at IncomingMessage.<anonymous> (/Users/rwt/.nvm/versions/node/v6.9.5/lib/node_modules/npm/node_modules/request/request.js:969:12)
41 verbose statusCode 403
42 verbose pkgid generator-rwt-react
43 verbose cwd /Users/rwt/github/generator-rwt-react
44 error Darwin 15.4.0
45 error argv "/Users/rwt/.nvm/versions/node/v6.9.5/bin/node" "/Users/rwt/.nvm/versions/node/v6.9.5/bin/npm" "publish"
46 error node v6.9.5
47 error npm  v3.10.10
48 error code E403
49 error "You cannot publish over the previously published version 0.0.9." : generator-rwt-react
50 error If you need help, you may report this error at:
50 error     <https://github.com/npm/npm/issues>
51 verbose exit [ 1, true ]
